build/intermediates/manifest_merge_blame_file/release/manifest-merger-blame-release-report.txt
1<?xml version="1.0" encoding="utf-8"?>
2<manifest xmlns:android="http://schemas.android.com/apk/res/android"
3    package="com.hvac.classicamerice"
4    android:versionCode="1"
5    android:versionName="1.0" >
6
7    <uses-sdk
8        android:minSdkVersion="21"
8-->src\main\AndroidManifest.xml
9        android:targetSdkVersion="30" />
9-->src\main\AndroidManifest.xml
10
11    <uses-permission android:name="android.permission.INTERNET" />
11-->src\main\AndroidManifest.xml:6:5-67
11-->src\main\AndroidManifest.xml:6:22-64
12    <uses-permission android:name="android.permission.ACCESS_WIFI_STATE" />
12-->src\main\AndroidManifest.xml:7:5-76
12-->src\main\AndroidManifest.xml:7:22-73
13    <uses-permission android:name="android.permission.CHANGE_WIFI_STATE" />
13-->src\main\AndroidManifest.xml:8:5-76
13-->src\main\AndroidManifest.xml:8:22-73
14    <uses-permission android:name="android.permission.ACCESS_NETWORK_STATE" />
14-->src\main\AndroidManifest.xml:9:5-79
14-->src\main\AndroidManifest.xml:9:22-76
15    <uses-permission android:name="android.permission.WRITE_EXTERNAL_STORAGE" />
15-->src\main\AndroidManifest.xml:10:5-81
15-->src\main\AndroidManifest.xml:10:22-78
16    <uses-permission android:name="android.permission.ACCESS_NETWORK_STATE" />
16-->src\main\AndroidManifest.xml:9:5-79
16-->src\main\AndroidManifest.xml:9:22-76
17
18    <application
18-->src\main\AndroidManifest.xml:13:5-87:19
19        android:allowBackup="true"
19-->src\main\AndroidManifest.xml:14:9-35
20        android:appComponentFactory="androidx.core.app.CoreComponentFactory"
20-->[androidx.core:core:1.3.1] AndroidManifest.xml:24:18-86
21        android:hardwareAccelerated="true"
21-->src\main\AndroidManifest.xml:20:9-43
22        android:icon="@mipmap/ic_launcher_ca"
22-->src\main\AndroidManifest.xml:15:9-46
23        android:label="@string/app_name"
23-->src\main\AndroidManifest.xml:16:9-41
24        android:roundIcon="@mipmap/ic_launcher_ca_round"
24-->src\main\AndroidManifest.xml:17:9-57
25        android:supportsRtl="true"
25-->src\main\AndroidManifest.xml:18:9-35
26        android:testOnly="true"
27        android:theme="@style/AppTheme"
27-->src\main\AndroidManifest.xml:19:9-40
28        android:usesCleartextTraffic="true" >
28-->src\main\AndroidManifest.xml:21:9-44
29        <activity
29-->src\main\AndroidManifest.xml:23:9-32:20
30            android:name="com.hvac.classicamerice.MainActivity"
30-->src\main\AndroidManifest.xml:24:13-41
31            android:label="@string/app_name"
31-->src\main\AndroidManifest.xml:26:13-45
32            android:screenOrientation="portrait" >
32-->src\main\AndroidManifest.xml:25:13-49
33            <intent-filter>
33-->src\main\AndroidManifest.xml:27:13-31:29
34                <action android:name="android.intent.action.MAIN" />
34-->src\main\AndroidManifest.xml:28:17-69
34-->src\main\AndroidManifest.xml:28:25-66
35
36                <category android:name="android.intent.category.LAUNCHER" />
36-->src\main\AndroidManifest.xml:30:17-77
36-->src\main\AndroidManifest.xml:30:27-74
37            </intent-filter>
38        </activity>
39        <activity
39-->src\main\AndroidManifest.xml:35:9-43:20
40            android:name="com.hvac.classicamerice.activity.FirstPageInnerCategory"
40-->src\main\AndroidManifest.xml:35:19-66
41            android:parentActivityName="com.hvac.classicamerice.MainActivity"
41-->src\main\AndroidManifest.xml:37:13-55
42            android:screenOrientation="portrait" >
42-->src\main\AndroidManifest.xml:36:13-49
43            <meta-data
43-->src\main\AndroidManifest.xml:39:13-41:49
44                android:name="android.support.PARENT_ACTIVITY"
44-->src\main\AndroidManifest.xml:40:17-63
45                android:value=".MainActivity" />
45-->src\main\AndroidManifest.xml:41:17-46
46        </activity>
47        <activity
47-->src\main\AndroidManifest.xml:45:9-53:20
48            android:name="com.hvac.classicamerice.activity.SecondProductDetailsPage"
48-->src\main\AndroidManifest.xml:45:19-68
49            android:parentActivityName="com.hvac.classicamerice.activity.FirstPageInnerCategory"
49-->src\main\AndroidManifest.xml:47:13-74
50            android:screenOrientation="portrait" >
50-->src\main\AndroidManifest.xml:46:13-49
51            <meta-data
51-->src\main\AndroidManifest.xml:39:13-41:49
52                android:name="android.support.PARENT_ACTIVITY"
52-->src\main\AndroidManifest.xml:40:17-63
53                android:value=".activity.FirstPageInnerCategory" />
53-->src\main\AndroidManifest.xml:41:17-46
54        </activity>
55        <activity
55-->src\main\AndroidManifest.xml:55:9-64:20
56            android:name="com.hvac.classicamerice.activity.DocumentsViewPageActivity"
56-->src\main\AndroidManifest.xml:55:19-69
57            android:hardwareAccelerated="false"
57-->src\main\AndroidManifest.xml:57:13-48
58            android:parentActivityName="com.hvac.classicamerice.activity.SecondProductDetailsPage"
58-->src\main\AndroidManifest.xml:58:13-76
59            android:screenOrientation="portrait" >
59-->src\main\AndroidManifest.xml:56:13-49
60            <meta-data
60-->src\main\AndroidManifest.xml:39:13-41:49
61                android:name="android.support.PARENT_ACTIVITY"
61-->src\main\AndroidManifest.xml:40:17-63
62                android:value=".activity.SecondProductDetailsPage" />
62-->src\main\AndroidManifest.xml:41:17-46
63        </activity>
64        <activity
64-->src\main\AndroidManifest.xml:66:9-74:20
65            android:name="com.hvac.classicamerice.activity.ProductsSpecsTabDetailsActivity"
65-->src\main\AndroidManifest.xml:66:19-75
66            android:parentActivityName="com.hvac.classicamerice.MainActivity"
66-->src\main\AndroidManifest.xml:68:13-55
67            android:screenOrientation="portrait" >
67-->src\main\AndroidManifest.xml:67:13-49
68            <meta-data
68-->src\main\AndroidManifest.xml:39:13-41:49
69                android:name="android.support.PARENT_ACTIVITY"
69-->src\main\AndroidManifest.xml:40:17-63
70                android:value=".MainActivity" />
70-->src\main\AndroidManifest.xml:41:17-46
71        </activity>
72        <activity
72-->src\main\AndroidManifest.xml:76:9-84:20
73            android:name="com.hvac.classicamerice.activity.PDFViewDetailsPage"
73-->src\main\AndroidManifest.xml:76:19-62
74            android:parentActivityName="com.hvac.classicamerice.activity.SecondProductDetailsPage"
74-->src\main\AndroidManifest.xml:78:13-76
75            android:screenOrientation="portrait" >
75-->src\main\AndroidManifest.xml:77:13-49
76            <meta-data
76-->src\main\AndroidManifest.xml:39:13-41:49
77                android:name="android.support.PARENT_ACTIVITY"
77-->src\main\AndroidManifest.xml:40:17-63
78                android:value=".activity.SecondProductDetailsPage" />
78-->src\main\AndroidManifest.xml:41:17-46
79        </activity>
80
81        <provider
81-->[androidx.lifecycle:lifecycle-process:2.2.0] AndroidManifest.xml:25:9-29:43
82            android:name="androidx.lifecycle.ProcessLifecycleOwnerInitializer"
82-->[androidx.lifecycle:lifecycle-process:2.2.0] AndroidManifest.xml:26:13-79
83            android:authorities="com.hvac.classicamerice.lifecycle-process"
83-->[androidx.lifecycle:lifecycle-process:2.2.0] AndroidManifest.xml:27:13-69
84            android:exported="false"
84-->[androidx.lifecycle:lifecycle-process:2.2.0] AndroidManifest.xml:28:13-37
85            android:multiprocess="true" />
85-->[androidx.lifecycle:lifecycle-process:2.2.0] AndroidManifest.xml:29:13-40
86    </application>
87
88</manifest>